<?xml version="1.0" encoding="UTF-8"?>
<!-- Generated by org.testng.reporters.JUnitReportReporter -->
<testsuite skipped="0" hostname="BDC8-LX-016H7NZ" name="com.flipkart.qa.testcases.HomePageTest" tests="2" failures="0" timestamp="2021-01-20T18:41:36 IST" time="20.407" errors="0">
  <testcase name="HomePageTitleTest" time="11.027" classname="com.flipkart.qa.testcases.HomePageTest"/>
  <system-out/>
  <testcase name="ebayImageTest" time="9.380" classname="com.flipkart.qa.testcases.HomePageTest"/>
  <system-out/>
</testsuite> <!-- com.flipkart.qa.testcases.HomePageTest -->
